<?xml version="1.0" encoding="UTF-8"?>
<!-- Generated by org.testng.reporters.JUnitXMLReporter -->
<testsuite ignored="0" hostname="Manishs-MacBook.ht.home" failures="1" tests="1" name="frame" time="16.186" errors="0" timestamp="2023-09-12T14:58:47 EDT">
  <testcase classname="testcases.LogintestCRM" name="Loginapp" time="0.088">
    <failure type="java.lang.NullPointerException" message="Cannot invoke &amp;quot;org.apache.poi.xssf.usermodel.XSSFSheet.getRow(int)&amp;quot; because the return value of &amp;quot;org.apache.poi.xssf.usermodel.XSSFWorkbook.getSheet(String)&amp;quot; is null">
      <![CDATA[java.lang.NullPointerException: Cannot invoke "org.apache.poi.xssf.usermodel.XSSFSheet.getRow(int)" because the return value of "org.apache.poi.xssf.usermodel.XSSFWorkbook.getSheet(String)" is null
at utilitypackage.ExcelDataProvider.getStringData(ExcelDataProvider.java:32)
at testcases.LogintestCRM.Loginapp(LogintestCRM.java:21)
at java.base/java.util.ArrayList.forEach(ArrayList.java:1511)
... Removed 27 stack frames]]>
    </failure>
  </testcase> <!-- Loginapp -->
</testsuite> <!-- frame -->
